<?xml version="1.0" encoding="UTF-8"?>
<!-- Generated by org.testng.reporters.JUnitXMLReporter -->
<testsuite ignored="0" hostname="DESKTOP-FOIF60P" failures="0" tests="4" name="Test" time="1.673" errors="0" timestamp="2023-02-01T16:40:08 GMT">
  <testcase classname="testng.Testngclass1" name="@BeforeClass luanchBrowser" time="1.37">
    <failure type="org.openqa.selenium.WebDriverException" message="unknown error: Failed to create Chrome process.
Build info: version: &amp;apos;3.141.59&amp;apos;, revision: &amp;apos;e82be7d358&amp;apos;, time: &amp;apos;2018-11-14T08:17:03&amp;apos;
System info: host: &amp;apos;DESKTOP-FOIF60P&amp;apos;, ip: &amp;apos;192.168.43.119&amp;apos;, os.name: &amp;apos;Windows 10&amp;apos;, os.arch: &amp;apos;amd64&amp;apos;, os.version: &amp;apos;10.0&amp;apos;, java.version: &amp;apos;18.0.2.1&amp;apos;
Driver info: driver.version: ChromeDriver
remote stacktrace: Backtrace:
	(No symbol) [0x00D5F243]
	(No symbol) [0x00CE7FD1]
	(No symbol) [0x00BDD04D]
	(No symbol) [0x00BFABD6]
	(No symbol) [0x00BF82E9]
	(No symbol) [0x00C2F056]
	(No symbol) [0x00C2EB2A]
	(No symbol) [0x00C28386]
	(No symbol) [0x00C0163C]
	(No symbol) [0x00C0269D]
	GetHandleVerifier [0x00FF9A22+2655074]
	GetHandleVerifier [0x00FECA24+2601828]
	GetHandleVerifier [0x00E08C0A+619850]
	GetHandleVerifier [0x00E07830+614768]
	(No symbol) [0x00CF05FC]
	(No symbol) [0x00CF5968]
	(No symbol) [0x00CF5A55]
	(No symbol) [0x00D0051B]
	BaseThreadInitThunk [0x76D000F9+25]
	RtlGetAppContainerNamedObjectPath [0x77BD7BBE+286]
	RtlGetAppContainerNamedObjectPath [0x77BD7B8E+238]
">
      <![CDATA[org.openqa.selenium.WebDriverException: unknown error: Failed to create Chrome process.
Build info: version: '3.141.59', revision: 'e82be7d358', time: '2018-11-14T08:17:03'
System info: host: 'DESKTOP-FOIF60P', ip: '192.168.43.119', os.name: 'Windows 10', os.arch: 'amd64', os.version: '10.0', java.version: '18.0.2.1'
Driver info: driver.version: ChromeDriver
remote stacktrace: Backtrace:
(No symbol) [0x00D5F243]
(No symbol) [0x00CE7FD1]
(No symbol) [0x00BDD04D]
(No symbol) [0x00BFABD6]
(No symbol) [0x00BF82E9]
(No symbol) [0x00C2F056]
(No symbol) [0x00C2EB2A]
(No symbol) [0x00C28386]
(No symbol) [0x00C0163C]
(No symbol) [0x00C0269D]
GetHandleVerifier [0x00FF9A22+2655074]
GetHandleVerifier [0x00FECA24+2601828]
GetHandleVerifier [0x00E08C0A+619850]
GetHandleVerifier [0x00E07830+614768]
(No symbol) [0x00CF05FC]
(No symbol) [0x00CF5968]
(No symbol) [0x00CF5A55]
(No symbol) [0x00D0051B]
BaseThreadInitThunk [0x76D000F9+25]
RtlGetAppContainerNamedObjectPath [0x77BD7BBE+286]
RtlGetAppContainerNamedObjectPath [0x77BD7B8E+238]

at org.openqa.selenium.remote.W3CHandshakeResponse.lambda$errorHandler$0(W3CHandshakeResponse.java:62)
at org.openqa.selenium.remote.HandshakeResponse.lambda$getResponseFunction$0(HandshakeResponse.java:30)
at org.openqa.selenium.remote.ProtocolHandshake.lambda$createSession$0(ProtocolHandshake.java:126)
at java.base/java.util.stream.ReferencePipeline$3$1.accept(ReferencePipeline.java:197)
at java.base/java.util.Spliterators$ArraySpliterator.tryAdvance(Spliterators.java:1002)
at java.base/java.util.stream.ReferencePipeline.forEachWithCancel(ReferencePipeline.java:129)
at java.base/java.util.stream.AbstractPipeline.copyIntoWithCancel(AbstractPipeline.java:527)
at java.base/java.util.stream.AbstractPipeline.copyInto(AbstractPipeline.java:513)
at java.base/java.util.stream.AbstractPipeline.wrapAndCopyInto(AbstractPipeline.java:499)
at java.base/java.util.stream.FindOps$FindOp.evaluateSequential(FindOps.java:150)
at java.base/java.util.stream.AbstractPipeline.evaluate(AbstractPipeline.java:234)
at java.base/java.util.stream.ReferencePipeline.findFirst(ReferencePipeline.java:647)
at org.openqa.selenium.remote.ProtocolHandshake.createSession(ProtocolHandshake.java:128)
at org.openqa.selenium.remote.ProtocolHandshake.createSession(ProtocolHandshake.java:74)
at org.openqa.selenium.remote.HttpCommandExecutor.execute(HttpCommandExecutor.java:136)
at org.openqa.selenium.remote.service.DriverCommandExecutor.execute(DriverCommandExecutor.java:83)
at org.openqa.selenium.remote.RemoteWebDriver.execute(RemoteWebDriver.java:552)
at org.openqa.selenium.remote.RemoteWebDriver.startSession(RemoteWebDriver.java:213)
at org.openqa.selenium.remote.RemoteWebDriver.<init>(RemoteWebDriver.java:131)
at org.openqa.selenium.chrome.ChromeDriver.<init>(ChromeDriver.java:181)
at org.openqa.selenium.chrome.ChromeDriver.<init>(ChromeDriver.java:168)
at org.openqa.selenium.chrome.ChromeDriver.<init>(ChromeDriver.java:123)
at testng.Testngclass1.luanchBrowser(Testngclass1.java:32)
at java.base/java.util.ArrayList.forEach(ArrayList.java:1511)
... Removed 26 stack frames]]>
    </failure>
  </testcase> <!-- @BeforeClass luanchBrowser -->
  <testcase classname="testng.Testngclass1" name="@BeforeMethod loginApllication" time="-1.675269608268E9">
    <skipped/>
  </testcase> <!-- @BeforeMethod loginApllication -->
  <testcase classname="testng.Testngclass1" name="@AfterMethod afterMethod" time="-1.675269608309E9">
    <skipped/>
  </testcase> <!-- @AfterMethod afterMethod -->
  <testcase classname="testng.Testngclass1" name="@BeforeMethod loginApllication" time="-1.675269608325E9">
    <skipped/>
  </testcase> <!-- @BeforeMethod loginApllication -->
  <testcase classname="testng.Testngclass1" name="@AfterMethod afterMethod" time="-1.675269608375E9">
    <skipped/>
  </testcase> <!-- @AfterMethod afterMethod -->
  <testcase classname="testng.Testngclass1" name="@BeforeMethod loginApllication" time="-1.675269608385E9">
    <skipped/>
  </testcase> <!-- @BeforeMethod loginApllication -->
  <testcase classname="testng.Testngclass1" name="@AfterMethod afterMethod" time="-1.675269608416E9">
    <skipped/>
  </testcase> <!-- @AfterMethod afterMethod -->
  <testcase classname="testng.Testngclass1" name="@AfterClass afterclass" time="-1.675269608425E9">
    <skipped/>
  </testcase> <!-- @AfterClass afterclass -->
  <testcase classname="testng.testclass1" name="test1" time="0.016"/>
  <testcase classname="testng.Testngclass1" name="addTOCart" time="0.0">
    <skipped/>
  </testcase> <!-- addTOCart -->
  <testcase classname="testng.Testngclass1" name="madeTOorder" time="0.0">
    <skipped/>
  </testcase> <!-- madeTOorder -->
  <testcase classname="testng.Testngclass1" name="viewCartOption" time="0.0">
    <skipped/>
  </testcase> <!-- viewCartOption -->
</testsuite> <!-- Test -->
