<?xml version="1.0" encoding="UTF-8"?>
<!-- Generated by org.testng.reporters.JUnitXMLReporter -->
<testsuite ignored="0" hostname="DESKTOP-FOIF60P" failures="0" tests="1" name="Default test" time="0.115" errors="0" timestamp="2023-02-09T07:47:48 GMT">
  <testcase classname="crossbrowserTestng.CossbrowserTestng2" name="@BeforeTest luanchbrowser" time="-1.675928868002E9">
    <failure type="org.testng.TestNGException" message="
Parameter &amp;apos;browser123&amp;apos; is required by BeforeTest on method luanchbrowser but has not been marked @Optional or defined
in C:\Users\DELL\AppData\Local\Temp\testng-eclipse-1045996487\testng-customsuite.xml">
      <![CDATA[org.testng.TestNGException: 
Parameter 'browser123' is required by BeforeTest on method luanchbrowser but has not been marked @Optional or defined
in C:\Users\DELL\AppData\Local\Temp\testng-eclipse-1045996487\testng-customsuite.xml
at org.testng.internal.Parameters.createParams(Parameters.java:270)
at org.testng.internal.Parameters.createParametersForMethod(Parameters.java:358)
at org.testng.internal.Parameters.createParameters(Parameters.java:700)
at org.testng.internal.Parameters.createConfigurationParameters(Parameters.java:168)
at org.testng.internal.ConfigInvoker.invokeConfigurations(ConfigInvoker.java:302)
at org.testng.TestRunner.invokeTestConfigurations(TestRunner.java:637)
at org.testng.TestRunner.beforeRun(TestRunner.java:627)
at org.testng.TestRunner.run(TestRunner.java:589)
at org.testng.SuiteRunner.runTest(SuiteRunner.java:377)
at org.testng.SuiteRunner.runSequentially(SuiteRunner.java:371)
at org.testng.SuiteRunner.privateRun(SuiteRunner.java:332)
at org.testng.SuiteRunner.run(SuiteRunner.java:276)
at org.testng.SuiteRunnerWorker.runSuite(SuiteRunnerWorker.java:53)
at org.testng.SuiteRunnerWorker.run(SuiteRunnerWorker.java:96)
at org.testng.TestNG.runSuitesSequentially(TestNG.java:1212)
at org.testng.TestNG.runSuitesLocally(TestNG.java:1134)
at org.testng.TestNG.runSuites(TestNG.java:1063)
at org.testng.TestNG.run(TestNG.java:1031)
at org.testng.remote.AbstractRemoteTestNG.run(AbstractRemoteTestNG.java:115)
at org.testng.remote.RemoteTestNG.initAndRun(RemoteTestNG.java:251)
at org.testng.remote.RemoteTestNG.main(RemoteTestNG.java:77)
]]>
    </failure>
  </testcase> <!-- @BeforeTest luanchbrowser -->
  <testcase classname="crossbrowserTestng.CossbrowserTestng2" name="@BeforeClass createPomobjects" time="-1.675928868057E9">
    <skipped/>
  </testcase> <!-- @BeforeClass createPomobjects -->
  <testcase classname="crossbrowserTestng.CossbrowserTestng2" name="@BeforeMethod loginApllication" time="-1.675928868082E9">
    <skipped/>
  </testcase> <!-- @BeforeMethod loginApllication -->
  <testcase classname="crossbrowserTestng.CossbrowserTestng2" name="@AfterMethod afterMethod" time="-1.675928868093E9">
    <skipped/>
  </testcase> <!-- @AfterMethod afterMethod -->
  <testcase classname="crossbrowserTestng.CossbrowserTestng2" name="@AfterClass test123" time="-1.675928868096E9">
    <skipped/>
  </testcase> <!-- @AfterClass test123 -->
  <testcase classname="crossbrowserTestng.CossbrowserTestng2" name="@AfterTest afterclass" time="-1.675928868102E9">
    <skipped/>
  </testcase> <!-- @AfterTest afterclass -->
  <testcase classname="crossbrowserTestng.CossbrowserTestng2" name="wishlist" time="0.0">
    <skipped/>
  </testcase> <!-- wishlist -->
</testsuite> <!-- Default test -->
